<?xml version="1.0" encoding="UTF-8"?>
<!-- Generated by org.testng.reporters.JUnitXMLReporter -->
<testsuite ignored="0" hostname="Prammathals-MacBook-Pro.local" failures="0" tests="2" name="Command line test" time="14.315" errors="0" timestamp="2021-03-09T17:12:27 IST">
  <testcase classname="com.qa.testcase.LoginPageTest" name="validateLoginSuccessTest" time="4.603"/>
  <testcase classname="com.qa.testcase.LoginPageTest" name="validateLoginFailureTest" time="2.343"/>
</testsuite> <!-- Command line test -->
