<?xml version="1.0" encoding="UTF-8"?>
<testng-results ignored="0" total="2" passed="2" failed="0" skipped="0">
  <reporter-output>
  </reporter-output>
  <suite started-at="2021-03-09T17:12:08 IST" name="com.qa.testcase.LoginPageTest" finished-at="2021-03-09T17:12:22 IST" duration-ms="14315">
    <groups>
    </groups>
    <test started-at="2021-03-09T17:12:08 IST" name="Command line test" finished-at="2021-03-09T17:12:22 IST" duration-ms="14315">
      <class name="com.qa.testcase.LoginPageTest">
        <test-method is-config="true" signature="setUpLogin(org.testng.ITestContext)[pri:0, instance:com.qa.testcase.LoginPageTest@2a70a3d8]" started-at="2021-03-09T17:12:08 IST" name="setUpLogin" finished-at="2021-03-09T17:12:15 IST" duration-ms="7089" status="PASS">
          <params>
            <param index="0">
              <value>
                <![CDATA[org.testng.TestRunner@239b0f9d]]>
              </value>
            </param>
          </params>
          <reporter-output>
          </reporter-output>
        </test-method> <!-- setUpLogin -->
        <test-method signature="validateLoginSuccessTest()[pri:0, instance:com.qa.testcase.LoginPageTest@2a70a3d8]" started-at="2021-03-09T17:12:15 IST" name="validateLoginSuccessTest" finished-at="2021-03-09T17:12:20 IST" duration-ms="4603" status="PASS">
          <reporter-output>
          </reporter-output>
        </test-method> <!-- validateLoginSuccessTest -->
        <test-method signature="validateLoginFailureTest()[pri:1, instance:com.qa.testcase.LoginPageTest@2a70a3d8]" started-at="2021-03-09T17:12:20 IST" name="validateLoginFailureTest" finished-at="2021-03-09T17:12:22 IST" duration-ms="2343" status="PASS">
          <reporter-output>
          </reporter-output>
        </test-method> <!-- validateLoginFailureTest -->
        <test-method is-config="true" signature="tearDown()[pri:0, instance:com.qa.testcase.LoginPageTest@2a70a3d8]" started-at="2021-03-09T17:12:22 IST" name="tearDown" finished-at="2021-03-09T17:12:22 IST" duration-ms="209" status="PASS">
          <reporter-output>
          </reporter-output>
        </test-method> <!-- tearDown -->
      </class> <!-- com.qa.testcase.LoginPageTest -->
    </test> <!-- Command line test -->
  </suite> <!-- com.qa.testcase.LoginPageTest -->
</testng-results>
